C51 COMPILER V9.00   D                                                                     07/02/2017 09:52:45 PAGE 1   


C51 COMPILER V9.00, COMPILATION OF MODULE D
OBJECT MODULE PLACED IN D.OBJ
COMPILER INVOKED BY: D:\Keil4\C51\Bin\C51.exe D.c DB OE

line level    source

   1          #define _D_C_
   2          #include "d.h"
   3          #include "zm.h"
   4          
   5          void dms(u16 ms)
   6          {
   7   1              u16 i;
   8   1              while (ms--)
   9   1              {
  10   2                      i=300;
  11   2                      while(i--);
  12   2              }
  13   1      //输入程序代码
  14   1      }
  15          
  16          void dus(u16 us)
  17          {
  18   1              while(us--);
  19   1      //输入程序代码
  20   1      }
  21          
  22          void init()
  23          {
  24   1              EA=ET0=ET1=1;
  25   1              TMOD=0X11;
  26   1              TH0=0XF8;
  27   1              TL0=0XCC;
  28   1      
  29   1              IT1=1;
  30   1              PT0=1;
  31   1              PT1=1;
  32   1      
  33   1              TR0=1;
  34   1      }
  35          
  36          u8 code dm[]={
  37                  0xc0,0xf9,0xa4,0xb0,0x99,0x92,0x82,0xf8,0x80,0x90,0xff,
  38                  0xfe,0xfd,0xfb,0xf7,0xef,0xdf,0xbf,0x7f,0xff,
  39          };
  40          u8 sbuf[8]={
  41                  1,2,3,4,5,6,0,0,
  42          };
  43          
  44          void sd()
  45          {
  46   1              static u8 i;
  47   1              DM=0xff;
  48   1              WM=~(0x80>>i%8);
  49   1              DM=dm[sbuf[i++%8]];
  50   1      //输入程序代码
  51   1      }
  52          
  53          u16 mkv=0xffff,tkv=0xffff;
  54          void ks()
  55          {
C51 COMPILER V9.00   D                                                                     07/02/2017 09:52:45 PAGE 2   

  56   1              static u8 pkv=0xff,t;
  57   1              u8 ckv=0xff;
  58   1              CN=0x9a;
  59   1              PC=0xf0;
  60   1              ckv=PC;
  61   1      
  62   1              CN=0x93;
  63   1              PC=0x0f;
  64   1              ckv|=PC;
  65   1              if(ckv!=pkv)
  66   1              {
  67   2                      tkv=mkv=pkv<<8|ckv;
  68   2                      pkv=ckv;
  69   2                      t=0;
  70   2              }
  71   1              else
  72   1              {
  73   2                      t++;
  74   2                      if(t>=100&&t%25==0)
  75   2                      {
  76   3                              if(t==250)t=100;
  77   3                              mkv=tkv;
  78   3                      }
  79   2              }
  80   1      //输入程序代码
  81   1      }
  82          
  83          u8x vm[8][128]={
  84                  0,
  85          };
  86          bit flcd=0;
  87          
  88          void wr(bit dc,u8 dt)
  89          {
  90   1              ET0=0;
  91   1              di=dc;dus(1);
  92   1              P0=dt;dus(1);
  93   1              e=1;dus(1);
  94   1              e=0;dus(1);
  95   1              ET0=1;
  96   1      }
  97          
  98          void lcdclr(u8 d)
  99          {
 100   1              u8 i,j;
 101   1              for(i=0;i<8;i++)
 102   1              for(j=0;j<128;j++)
 103   1              vm[i][j]=d;
 104   1              flcd=1;
 105   1      //输入程序代码
 106   1      }
 107          
 108          void flush()
 109          {
 110   1              u8 i,j;
 111   1              
 112   1              if(flcd==0)return;
 113   1              flcd=0;
 114   1              for(i=0;i<8;i++)
 115   1              {
 116   2                      cs1=1;cs2=0;
 117   2                      wr(0,0xb8+i);
C51 COMPILER V9.00   D                                                                     07/02/2017 09:52:45 PAGE 3   

 118   2                      wr(0,0x40);
 119   2                      for(j=0;j<64;j++)wr(1,vm[i][j]);
 120   2      
 121   2                      cs1=0;cs2=1;
 122   2                      wr(0,0xb8+i);
 123   2                      wr(0,0x40);
 124   2                      for(j=64;j<128;j++)wr(1,vm[i][j]);
 125   2              }
 126   1              cs1=cs2=0;
 127   1      //输入程序代码
 128   1      }
 129          
 130          void initlcd(u8 d)
 131          {
 132   1              lcdclr(d);
 133   1              wr(0,0x3f);
 134   1              wr(0,0xc0);
 135   1      //输入程序代码
 136   1      }
 137          
 138          void wb(int x,int y,u8 d,bit c)
 139          {
 140   1              u8 pg;
 141   1              if(y<-7||y>63)return;
 142   1              pg=y/8;
 143   1              if(c)d=~d;
 144   1              if(y%8==0)vm[pg][x]=d;
 145   1              else if(y<0)
 146   1              {
 147   2                      vm[0][x]&=0xff<<(8+y);
 148   2                      vm[0][x]|=d>>(-y);
 149   2              }
 150   1              else if(y>56)
 151   1              {
 152   2                      vm[7][x]&=0xff>>(64-y);
 153   2                      vm[7][x]|=d<<(y-56);
 154   2              }
 155   1              else if(y%8)
 156   1              {
 157   2                      vm[pg][x]&=0xff>>(8-y%8);
 158   2                      vm[pg][x]|=d<<(y%8);
 159   2                      vm[pg+1][x]&=0xff<<(y%8);
 160   2                      vm[pg+1][x]|=d>>(8-y%8);
 161   2              }
 162   1              flcd=1;
 163   1      }
 164          
 165          
 166          void wzf(int x,int y,u8 w,u8 h,u8 *zm,bit c)
 167          {
 168   1              int i,j,k;
 169   1              if(zm==NULL)return;
 170   1              k=h/8+(h%8?1:0);
 171   1              for(i=0;i<k;i++)
 172   1              for(j=0;j<w;j++)
 173   1              wb(x+j,y+8*i,zm[j+w*i],c);
 174   1      //输入程序代码
 175   1      }
 176          
 177          u8 *fi(u8 *str)
 178          {
 179   1              u8 i;
C51 COMPILER V9.00   D                                                                     07/02/2017 09:52:45 PAGE 4   

 180   1              for(i=0;i<sizeof(hz)/34;i++)
 181   1              {
 182   2                      if(str[0]==hz[i].index[0]&&str[1]==hz[i].index[1])
 183   2                      return hz[i].msk;
 184   2              }
 185   1              return NULL;
 186   1      }
 187          
 188          void wlhz(int x,int y,u8 w,u8 h,u8 *str,bit c)
 189          {
 190   1              u8 i=0;
 191   1              while (str[i*2]!='\0')
 192   1              {
 193   2                      wzf(x+w*i,y,w,h,fi(&str[i*2]),c);
 194   2                      i++;
 195   2              }
 196   1      //输入程序代码
 197   1      }
 198          
 199          void wlzf(int x,int y,u8 w,u8 h,u8 *str,bit c)
 200          {
 201   1              u8 i=0;
 202   1              while (str[i]!='\0')
 203   1              {
 204   2                      wzf(x+w*i,y,w,h,asc[str[i]-32],c);
 205   2                      i++;
 206   2              }
 207   1      //输入程序代码
 208   1      }
 209          
 210          void dp(int x,int y,bit c)
 211          {
 212   1              u8 pg;
 213   1              if(x>127||x>63||x<0||y<0)return;
 214   1              pg=y/8;
 215   1              if(c)vm[pg][x]|=1<<(y%8);
 216   1              else vm[pg][x]&=~(1<<(y%8));
 217   1              flcd=1;
 218   1      //输入程序代码
 219   1      }
 220          
 221          void shu(int x,int y1,int y2,bit c)
 222          {
 223   1              int i;
 224   1              for(i=y1;i<=y2;i++)
 225   1              dp(x,i,c);
 226   1      //输入程序代码
 227   1      }
 228          
 229          void heng(int y,int x1,int x2,bit c)
 230          {
 231   1              int i;
 232   1              for(i=x1;i<=x2;i++)
 233   1              dp(i,y,c);
 234   1      //输入程序代码
 235   1      }
 236          
 237          //void dl(int x1,int y1,int x2,int y2,bit c)
 238          //{
 239          //      int i,d,x,y,dx,dy,tmp,sub;
 240          //      char sy,sx;
 241          //      x=x1;y=y1;
C51 COMPILER V9.00   D                                                                     07/02/2017 09:52:45 PAGE 5   

 242          //      if(x2>x1)
 243          //      {
 244          //              dx=x2-x1;sx=1;
 245          //      }
 246          //      else
 247          //      {
 248          //              dx=x1-x2;sx=-1;
 249          //      }
 250          //      if(y2>y1)
 251          //      {
 252          //              dy=y2-y1;sy=1;
 253          //      }
 254          //      else
 255          //      {
 256          //              dy=y1-y2;sy=-1;
 257          //      }
 258          //      if(dy>dx)
 259          //      {
 260          //              tmp=dx;dx=dy;dy=tmp;d=1;
 261          //      }
 262          //      else d=0;
 263          //      sub=(dy<<1)-dx;
 264          //      dp(x,y,c);
 265          //      for(i=0;i<dx;i++)
 266          //      {
 267          //              if(d)y+=sy;
 268          //              else x+=sx;
 269          //              if(sub>0)
 270          //              {
 271          //                      if(d)x+=sx;
 272          //                      else y+=sy;
 273          //                      sub+=(dy-dx)<<1;
 274          //              }
 275          //              else sub+=dy<<1;
 276          //              dp(x,y,c);
 277          //      }
 278          ////输入程序代码
 279          //}
 280          
 281          //void dc(int x,int y,int r,bit c)
 282          //{
 283          //      int idata a,b,di;
 284          //      a=0;b=r;di=3-2*r;
 285          //      while (a<=b)
 286          //      {
 287          //              dp(x-a,y-b,c);
 288          //              dp(x+a,y-b,c);
 289          //              dp(x-a,y+b,c);
 290          //              dp(x+a,y+b,c);
 291          //              dp(x-b,y-a,c);
 292          //              dp(x+b,y-a,c);
 293          //              dp(x-b,y+a,c);
 294          //              dp(x+b,y+a,c);
 295          //              a++;
 296          //              if(di<0)di+=4*a+6;
 297          //              else
 298          //              {
 299          //                      di+=10+4*(a-b);
 300          //                      b--;
 301          //              }
 302          //              dp(x+a,y+b,c);
 303          //      }
C51 COMPILER V9.00   D                                                                     07/02/2017 09:52:45 PAGE 6   

 304          ////输入程序代码        
 305          //}
 306          
 307          //void setstart(u8 screen,char num)
 308          //{
 309          //      cs1=screen/10;
 310          //      cs2=screen%10;
 311          //      if(num<0)wr(0,0xc0+64+num%64);
 312          //      else wr(0,0xc0+num%64);
 313          //      cs1=cs2=0;
 314          ////输入程序代码
 315          //}
 316          
 317          u8 vadc6,vadc7;
 318          void initadc()
 319          {
 320   1              P1ASF=0xc0;
 321   1              /*P1 Analog Super Function
 322   1              1100 0000，即P1.6，P1.7用作模拟功能A/D使用*/
 323   1      
 324   1              
 325   1              EA=EADC=1;//A/D转化中断允许位
 326   1      
 327   1              /*Control ADC控制
 328   1              ADC_POWER       SPEED1  SPEED0  ADC_FLAG        ADC_START       CHS2    CHS1    CHS0
 329   1              1                       1               1               0                       1                       1               1               1
 330   1              CHS2，CHS1，CHS0选择输入通道
 331   1              000 P1^0 -> 111 P1^7*/
 332   1      
 333   1              ADC_CONTR=0Xe8+7;
 334   1      }
 335          
 336          u8 zlm,kong;
 337          u16 zln,time;
 338          bit fzl;
 339          
 340          void shukong()
 341          {
 342   1              static bit pk=1;
 343   1              bit ck;
 344   1              k=1;
 345   1              ck=k;
 346   1              if(ck==0&&pk==1)
 347   1              {
 348   2                      kong++;
 349   2                      if(zlm==1)zln--;
 350   2              }
 351   1              pk=ck;
 352   1      }
 353          
 354          void zlrun(u8 m,u8 num,bit d)
 355          {
 356   1              zlm=m;
 357   1              zln=num;
 358   1              fx=d;
 359   1              pri=1;
 360   1              fzl=1;
 361   1      }
 362                                   
 363          u16 cc,pp;
 364          u8 th1,tl1;
 365          bit fbj;
C51 COMPILER V9.00   D                                                                     07/02/2017 09:52:45 PAGE 7   

 366          
 367          void initbj()
 368          {       
 369   1              fbj=1;
 370   1              dir=1;
 371   1              th1=(65536-900000/275/10)/256;
 372   1              tl1=(65536-900000/275/10)%256;
 373   1              cc=pp=0;
 374   1              TR1=1;
 375   1      }
 376          
 377          void to(u8 mm,u8 s)
 378          {
 379   1              if(mm==cc/275)return;
 380   1              if(fbj)TR1=0;
 381   1              fbj=1;
 382   1              th1=(65536-900000/275/s)/256;
 383   1              tl1=(65536-900000/275/s)%256;
 384   1              if(mm<cc/275)dir=1;
 385   1              else dir=0;
 386   1              pp=mm*275;
 387   1              TR1=1;
 388   1      }
 389          
 390          void inituart()
 391          {
 392   1              S2CON=0X10;
 393   1              T2H=(65536-230400/9600)/256;
 394   1              T2L=(65536-230400/9600)%256;
 395   1              AUXR|=0X10;
 396   1              IE2|=0X01;
 397   1      }
 398          
 399          void putc(u8 ch)
 400          {
 401   1              S2CON&=0xfd;
 402   1              S2BUF=ch;
 403   1              while(!(S2CON&0x02));
 404   1              S2CON&=0xfd;
 405   1      }
 406          
 407          void putstr(u8 *str)
 408          {
 409   1              u8 i=0;
 410   1              while(str[i]!='\0')
 411   1                      putc(str[i++]);
 412   1              putc('\n');
 413   1      }
 414                                    
 415          void pwm(u8 ch,u8 v)
 416          {
 417   1              CMOD=0;
 418   1              AUXR1&=0XCF;
 419   1              AUXR1|=0X20;
 420   1              CH=CL=0;
 421   1              switch (ch)
 422   1              {
 423   2                      //case :        break;
 424   2                      default:        break;
 425   2                      case 0:CCAPM0=0x42;PCA_PWM0=0;CCAP0H=CCAP0L=v*256/100;break;
 426   2                      case 1:CCAPM1=0x42;PCA_PWM1=0;CCAP1H=CCAP1L=v*256/100;break;
 427   2                      case 2:CCAPM2=0x42;PCA_PWM2=0;CCAP2H=CCAP2L=v*256/100;break;
C51 COMPILER V9.00   D                                                                     07/02/2017 09:52:45 PAGE 8   

 428   2              }
 429   1              CR=1;
 430   1      //输入程序代码
 431   1      }
 432          


MODULE INFORMATION:   STATIC OVERLAYABLE
   CODE SIZE        =   2128    ----
   CONSTANT SIZE    =   1930    ----
   XDATA SIZE       =   1024    ----
   PDATA SIZE       =   ----    ----
   DATA SIZE        =     29      68
   IDATA SIZE       =   ----    ----
   BIT SIZE         =      4      10
END OF MODULE INFORMATION.


C51 COMPILATION COMPLETE.  0 WARNING(S),  0 ERROR(S)
