C51 COMPILER V9.00   ISR                                                                   07/02/2017 09:51:26 PAGE 1   


C51 COMPILER V9.00, COMPILATION OF MODULE ISR
OBJECT MODULE PLACED IN ISR.OBJ
COMPILER INVOKED BY: D:\Keil4\C51\Bin\C51.exe ISR.c DB OE

line level    source

   1          #define _ISR_C_
   2          #include "isr.h"
   3          #include "d.h"
   4          
   5          u16 cnt;
   6          u8 vdac;
   7          bit fdac;
   8          void tt0() interrupt 1
   9          {
  10   1              TH0=0XF8;
  11   1              TL0=0XCC;
  12   1              cnt++;
  13   1              if(cnt==500)
  14   1              {
  15   2                      //1s
  16   2                      cnt=0;
  17   2              }
  18   1              if(cnt%5==0)
  19   1              {
  20   2                      //10ms
  21   2                      ks();
  22   2              }
  23   1              if(cnt%50==0)
  24   1              {
  25   2                      //100ms
  26   2                      EX1=IE1=1;
  27   2                      if(fdac)
  28   2                      {
  29   3                              fdac=0;
  30   3                              DAC=vdac;
  31   3                      }
  32   2                      if(fzl)
  33   2                      {
  34   3                              shukong();
  35   3                              time++;
  36   3                              if(zlm==2)zln--;
  37   3                              if(zln==0)stop();
  38   3                      }
  39   2              }
  40   1              sd();
  41   1      }
  42          
  43          void int1() interrupt 2
  44          {
  45   1              flush();
  46   1              EX1=IE1=0;
  47   1      }
  48          
  49          void adisr() interrupt 5
  50          {
  51   1              u8 td;
  52   1              td=ADC_CONTR&0x07;//取ADC_CONTR的低3位，根据CHS2，CHS1，CHS0的值来确定通道
  53   1              switch (td)
  54   1              {
  55   2                      //case :        break;
C51 COMPILER V9.00   ISR                                                                   07/02/2017 09:51:26 PAGE 2   

  56   2                      default:        break;
  57   2                      case 7:vadc7=ADC_RES;ADC_CONTR=0xe8+6;break;//将转换结果存入vadc7，开启6通道的转换
  58   2                      case 6:vadc6=ADC_RES;ADC_CONTR=0xe8+7;break;//将转换结果存入vadc6，开启7通道的转换
  59   2                      //Result,寄存器分为ADC_RES高位,ADC_RESL低位，取8位的结果只需要使用ADC_RES中的内容。
  60   2                      //0xe8是1110 1000,CHS都是0，然后启动什么通道就+几。
  61   2              }
  62   1      }
  63          
  64          void tt1() interrupt 3
  65          {
  66   1              TR1=0;
  67   1              TH1=th1;
  68   1              TL1=tl1;
  69   1              if(rl==1)
  70   1              {
  71   2                      dir=0;
  72   2                      cc=65536-3050;
  73   2              }
  74   1              cp=~cp;
  75   1              if(dir)cc--;
  76   1              else cc++;
  77   1              if(cc!=pp)TR1=1;
  78   1              else fbj=0;
  79   1      }


MODULE INFORMATION:   STATIC OVERLAYABLE
   CODE SIZE        =    341    ----
   CONSTANT SIZE    =   ----    ----
   XDATA SIZE       =   ----    ----
   PDATA SIZE       =   ----    ----
   DATA SIZE        =      3    ----
   IDATA SIZE       =   ----    ----
   BIT SIZE         =      1    ----
END OF MODULE INFORMATION.


C51 COMPILATION COMPLETE.  0 WARNING(S),  0 ERROR(S)
